nohup: ignoring input
[INFO] Scanning for projects...
[INFO] 
[INFO] ---------------------< com.school:onlinelearning >----------------------
[INFO] Building  0.0.1-SNAPSHOT
[INFO]   from pom.xml
[INFO] --------------------------------[ jar ]---------------------------------
[INFO] 
[INFO] >>> spring-boot:3.5.13:run (default-cli) > test-compile @ onlinelearning >>>
[INFO] 
[INFO] --- resources:3.3.1:resources (default-resources) @ onlinelearning ---
[INFO] Copying 1 resource from src/main/resources to target/classes
[INFO] Copying 0 resource from src/main/resources to target/classes
[INFO] 
[INFO] --- compiler:3.14.1:compile (default-compile) @ onlinelearning ---
[INFO] Nothing to compile - all classes are up to date.
[INFO] 
[INFO] --- resources:3.3.1:testResources (default-testResources) @ onlinelearning ---
[INFO] skip non existing resourceDirectory /home/bolro/Downloads/java/biydaalt/backend/src/test/resources
[INFO] 
[INFO] --- compiler:3.14.1:testCompile (default-testCompile) @ onlinelearning ---
[INFO] Nothing to compile - all classes are up to date.
[INFO] 
[INFO] <<< spring-boot:3.5.13:run (default-cli) < test-compile @ onlinelearning <<<
[INFO] 
[INFO] 
[INFO] --- spring-boot:3.5.13:run (default-cli) @ onlinelearning ---
[INFO] Attaching agents: []

  .   ____          _            __ _ _
 /\\ / ___'_ __ _ _(_)_ __  __ _ \ \ \ \
( ( )\___ | '_ | '_| | '_ \/ _` | \ \ \ \
 \\/  ___)| |_)| | | | | || (_| |  ) ) ) )
  '  |____| .__|_| |_|_| |_\__, | / / / /
 =========|_|==============|___/=/_/_/_/

 :: Spring Boot ::               (v3.5.13)

2026-05-08T00:42:41.396+08:00  INFO 44158 --- [onlinelearning] [           main] c.s.o.OnlinelearningApplication          : Starting OnlinelearningApplication using Java 26.0.1 with PID 44158 (/home/bolro/Downloads/java/biydaalt/backend/target/classes started by bolro in /home/bolro/Downloads/java/biydaalt/backend)
2026-05-08T00:42:41.397+08:00  INFO 44158 --- [onlinelearning] [           main] c.s.o.OnlinelearningApplication          : No active profile set, falling back to 1 default profile: "default"
2026-05-08T00:42:41.738+08:00  INFO 44158 --- [onlinelearning] [           main] .s.d.r.c.RepositoryConfigurationDelegate : Bootstrapping Spring Data MongoDB repositories in DEFAULT mode.
2026-05-08T00:42:41.786+08:00  INFO 44158 --- [onlinelearning] [           main] .s.d.r.c.RepositoryConfigurationDelegate : Finished Spring Data repository scanning in 45 ms. Found 9 MongoDB repository interfaces.
2026-05-08T00:42:42.039+08:00  INFO 44158 --- [onlinelearning] [           main] o.s.b.w.embedded.tomcat.TomcatWebServer  : Tomcat initialized with port 8080 (http)
2026-05-08T00:42:42.046+08:00  INFO 44158 --- [onlinelearning] [           main] o.apache.catalina.core.StandardService   : Starting service [Tomcat]
2026-05-08T00:42:42.046+08:00  INFO 44158 --- [onlinelearning] [           main] o.apache.catalina.core.StandardEngine    : Starting Servlet engine: [Apache Tomcat/10.1.53]
2026-05-08T00:42:42.066+08:00  INFO 44158 --- [onlinelearning] [           main] o.a.c.c.C.[Tomcat].[localhost].[/]       : Initializing Spring embedded WebApplicationContext
2026-05-08T00:42:42.066+08:00  INFO 44158 --- [onlinelearning] [           main] w.s.c.ServletWebServerApplicationContext : Root WebApplicationContext: initialization completed in 646 ms
2026-05-08T00:42:42.265+08:00  INFO 44158 --- [onlinelearning] [           main] org.mongodb.driver.client                : MongoClient with metadata {"application": {"name": "onlinelearning"}, "driver": {"name": "mongo-java-driver|sync|spring-boot", "version": "5.5.2"}, "os": {"type": "Linux", "name": "Linux", "architecture": "amd64", "version": "7.0.3-arch1-2"}, "platform": "Java/Arch Linux/26.0.1"} created with settings MongoClientSettings{readPreference=primary, writeConcern=WriteConcern{w=majority, wTimeout=null ms, journal=null}, retryWrites=true, retryReads=true, readConcern=ReadConcern{level=null}, credential=MongoCredential{mechanism=null, userName='bolro', source='admin', password=<hidden>, mechanismProperties=<hidden>}, transportSettings=null, commandListeners=[], codecRegistry=ProvidersCodecRegistry{codecProviders=[ValueCodecProvider{}, BsonValueCodecProvider{}, DBRefCodecProvider{}, DBObjectCodecProvider{}, DocumentCodecProvider{}, CollectionCodecProvider{}, IterableCodecProvider{}, MapCodecProvider{}, GeoJsonCodecProvider{}, GridFSFileCodecProvider{}, Jsr310CodecProvider{}, JsonObjectCodecProvider{}, BsonCodecProvider{}, EnumCodecProvider{}, com.mongodb.client.model.mql.ExpressionCodecProvider@270d43a7, com.mongodb.Jep395RecordCodecProvider@1280682, com.mongodb.KotlinCodecProvider@41ccb3b9]}, loggerSettings=LoggerSettings{maxDocumentLength=1000}, clusterSettings={hosts=[127.0.0.1:27017], srvHost=onlinelearning.ywapodi.mongodb.net, srvServiceName=mongodb, mode=MULTIPLE, requiredClusterType=REPLICA_SET, requiredReplicaSetName='atlas-ltf4c9-shard-0', serverSelector='null', clusterListeners='[]', serverSelectionTimeout='30000 ms', localThreshold='15 ms'}, socketSettings=SocketSettings{connectTimeoutMS=10000, readTimeoutMS=0, receiveBufferSize=0, proxySettings=ProxySettings{host=null, port=null, username=null, password=null}}, heartbeatSocketSettings=SocketSettings{connectTimeoutMS=10000, readTimeoutMS=10000, receiveBufferSize=0, proxySettings=ProxySettings{host=null, port=null, username=null, password=null}}, connectionPoolSettings=ConnectionPoolSettings{maxSize=100, minSize=0, maxWaitTimeMS=120000, maxConnectionLifeTimeMS=0, maxConnectionIdleTimeMS=0, maintenanceInitialDelayMS=0, maintenanceFrequencyMS=60000, connectionPoolListeners=[], maxConnecting=2}, serverSettings=ServerSettings{heartbeatFrequencyMS=10000, minHeartbeatFrequencyMS=500, serverMonitoringMode=AUTO, serverListeners='[]', serverMonitorListeners='[]'}, sslSettings=SslSettings{enabled=true, invalidHostNameAllowed=false, context=null}, applicationName='onlinelearning', compressorList=[], uuidRepresentation=JAVA_LEGACY, serverApi=null, autoEncryptionSettings=null, dnsClient=null, inetAddressResolver=null, contextProvider=null, timeoutMS=null}
2026-05-08T00:42:42.530+08:00  INFO 44158 --- [onlinelearning] [odi.mongodb.net] org.mongodb.driver.cluster               : Adding discovered server ac-gs6tzbz-shard-00-00.ywapodi.mongodb.net:27017 to client view of cluster
2026-05-08T00:42:42.550+08:00  INFO 44158 --- [onlinelearning] [odi.mongodb.net] org.mongodb.driver.cluster               : Adding discovered server ac-gs6tzbz-shard-00-02.ywapodi.mongodb.net:27017 to client view of cluster
2026-05-08T00:42:42.556+08:00  INFO 44158 --- [onlinelearning] [odi.mongodb.net] org.mongodb.driver.cluster               : Adding discovered server ac-gs6tzbz-shard-00-01.ywapodi.mongodb.net:27017 to client view of cluster
2026-05-08T00:42:42.798+08:00  INFO 44158 --- [onlinelearning] [           main] r$InitializeUserDetailsManagerConfigurer : Global AuthenticationManager configured with UserDetailsService bean with name customUserDetailsService
2026-05-08T00:42:42.948+08:00  WARN 44158 --- [onlinelearning] [           main] ConfigServletWebServerApplicationContext : Exception encountered during context initialization - cancelling refresh attempt: org.springframework.context.ApplicationContextException: Failed to start bean 'webServerStartStop'
2026-05-08T00:42:42.962+08:00  INFO 44158 --- [onlinelearning] [           main] .s.b.a.l.ConditionEvaluationReportLogger : 

Error starting ApplicationContext. To display the condition evaluation report re-run your application with 'debug' enabled.
2026-05-08T00:42:42.971+08:00 ERROR 44158 --- [onlinelearning] [           main] o.s.b.d.LoggingFailureAnalysisReporter   : 

***************************
APPLICATION FAILED TO START
***************************

Description:

Web server failed to start. Port 8080 was already in use.

Action:

Identify and stop the process that's listening on port 8080 or configure this application to listen on another port.

[INFO] ------------------------------------------------------------------------
[INFO] BUILD FAILURE
[INFO] ------------------------------------------------------------------------
[INFO] Total time:  2.801 s
[INFO] Finished at: 2026-05-08T00:42:43+08:00
[INFO] ------------------------------------------------------------------------
[ERROR] Failed to execute goal org.springframework.boot:spring-boot-maven-plugin:3.5.13:run (default-cli) on project onlinelearning: Process terminated with exit code: 1 -> [Help 1]
[ERROR] 
[ERROR] To see the full stack trace of the errors, re-run Maven with the -e switch.
[ERROR] Re-run Maven using the -X switch to enable full debug logging.
[ERROR] 
[ERROR] For more information about the errors and possible solutions, please read the following articles:
[ERROR] [Help 1] http://cwiki.apache.org/confluence/display/MAVEN/MojoExecutionException
